This is pdfTeX, Version 3.141592653-2.6-1.40.25 (TeX Live 2023) (preloaded format=pdflatex 2024.2.21)  26 APR 2025 22:47
entering extended mode
 restricted \write18 enabled.
 file:line:error style messages enabled.
 %&-line parsing enabled.
**/home/nait/Documents/USP/3SEM/CNUM/S3/Slides/Apresentacao.tex
(/home/nait/Documents/USP/3SEM/CNUM/S3/Slides/Apresentacao.tex
LaTeX2e <2023-11-01> patch level 1
L3 programming layer <2024-02-20>
(/home/nait/texlive/texmf-dist/tex/latex/beamer/beamer.cls
Document Class: beamer 2024/01/06 v3.71 A class for typesetting presentations
(/home/nait/texlive/texmf-dist/tex/latex/beamer/beamerbasemodes.sty (/home/nait/texlive/texmf-dist/tex/latex/etoolbox/etoolbox.sty
Package: etoolbox 2020/10/05 v2.5k e-TeX tools for LaTeX (JAW)
\etb@tempcnta=\count188
)
\beamer@tempbox=\box51
\beamer@tempcount=\count189
\c@beamerpauses=\count190
 (/home/nait/texlive/texmf-dist/tex/latex/beamer/beamerbasedecode.sty
\beamer@slideinframe=\count191
\beamer@minimum=\count192
\beamer@decode@box=\box52
)
\beamer@commentbox=\box53
\beamer@modecount=\count193
) (/home/nait/texlive/texmf-dist/tex/generic/iftex/iftex.sty
Package: iftex 2022/02/03 v1.0f TeX engine tests
)
\headdp=\dimen140
\footheight=\dimen141
\sidebarheight=\dimen142
\beamer@tempdim=\dimen143
\beamer@finalheight=\dimen144
\beamer@animht=\dimen145
\beamer@animdp=\dimen146
\beamer@animwd=\dimen147
\beamer@leftmargin=\dimen148
\beamer@rightmargin=\dimen149
\beamer@leftsidebar=\dimen150
\beamer@rightsidebar=\dimen151
\beamer@boxsize=\dimen152
\beamer@vboxoffset=\dimen153
\beamer@descdefault=\dimen154
\beamer@descriptionwidth=\dimen155
\beamer@lastskip=\skip48
\beamer@areabox=\box54
\beamer@animcurrent=\box55
\beamer@animshowbox=\box56
\beamer@sectionbox=\box57
\beamer@logobox=\box58
\beamer@linebox=\box59
\beamer@sectioncount=\count194
\beamer@subsubsectionmax=\count195
\beamer@subsectionmax=\count196
\beamer@sectionmax=\count197
\beamer@totalheads=\count198
\beamer@headcounter=\count199
\beamer@partstartpage=\count266
\beamer@sectionstartpage=\count267
\beamer@subsectionstartpage=\count268
\beamer@animationtempa=\count269
\beamer@animationtempb=\count270
\beamer@xpos=\count271
\beamer@ypos=\count272
\beamer@ypos@offset=\count273
\beamer@showpartnumber=\count274
\beamer@currentsubsection=\count275
\beamer@coveringdepth=\count276
\beamer@sectionadjust=\count277
\beamer@toclastsection=\count278
\beamer@tocsectionnumber=\count279
 (/home/nait/texlive/texmf-dist/tex/latex/beamer/beamerbaseoptions.sty (/home/nait/texlive/texmf-dist/tex/latex/graphics/keyval.sty
Package: keyval 2022/05/29 v1.15 key=value parser (DPC)
\KV@toks@=\toks17
))
\beamer@paperwidth=\skip49
\beamer@paperheight=\skip50
 (/home/nait/texlive/texmf-dist/tex/latex/geometry/geometry.sty
Package: geometry 2020/01/02 v5.9 Page Geometry
 (/home/nait/texlive/texmf-dist/tex/generic/iftex/ifvtex.sty
Package: ifvtex 2019/10/25 v1.7 ifvtex legacy package. Use iftex instead.
)
\Gm@cnth=\count280
\Gm@cntv=\count281
\c@Gm@tempcnt=\count282
\Gm@bindingoffset=\dimen156
\Gm@wd@mp=\dimen157
\Gm@odd@mp=\dimen158
\Gm@even@mp=\dimen159
\Gm@layoutwidth=\dimen160
\Gm@layoutheight=\dimen161
\Gm@layouthoffset=\dimen162
\Gm@layoutvoffset=\dimen163
\Gm@dimlist=\toks18
) (/home/nait/texlive/texmf-dist/tex/latex/pgf/math/pgfmath.sty (/home/nait/texlive/texmf-dist/tex/latex/pgf/utilities/pgfrcs.sty (/home/nait/texlive/texmf-dist/tex/generic/pgf/utilities/pgfutil-common.tex
\pgfutil@everybye=\toks19
\pgfutil@tempdima=\dimen164
\pgfutil@tempdimb=\dimen165
) (/home/nait/texlive/texmf-dist/tex/generic/pgf/utilities/pgfutil-latex.def
\pgfutil@abb=\box60
) (/home/nait/texlive/texmf-dist/tex/generic/pgf/utilities/pgfrcs.code.tex (/home/nait/texlive/texmf-dist/tex/generic/pgf/pgf.revision.tex)
Package: pgfrcs 2023-01-15 v3.1.10 (3.1.10)
)) (/home/nait/texlive/texmf-dist/tex/latex/pgf/utilities/pgfkeys.sty (/home/nait/texlive/texmf-dist/tex/generic/pgf/utilities/pgfkeys.code.tex
\pgfkeys@pathtoks=\toks20
\pgfkeys@temptoks=\toks21
 (/home/nait/texlive/texmf-dist/tex/generic/pgf/utilities/pgfkeyslibraryfiltered.code.tex
\pgfkeys@tmptoks=\toks22
))) (/home/nait/texlive/texmf-dist/tex/generic/pgf/math/pgfmath.code.tex (/home/nait/texlive/texmf-dist/tex/generic/pgf/math/pgfmathutil.code.tex
\pgf@x=\dimen166
\pgf@xa=\dimen167
\pgf@xb=\dimen168
\pgf@xc=\dimen169
\pgf@y=\dimen170
\pgf@ya=\dimen171
\pgf@yb=\dimen172
\pgf@yc=\dimen173
\c@pgf@counta=\count283
\c@pgf@countb=\count284
\c@pgf@countc=\count285
\c@pgf@countd=\count286
) (/home/nait/texlive/texmf-dist/tex/generic/pgf/math/pgfmathparser.code.tex
\pgfmath@dimen=\dimen174
\pgfmath@count=\count287
\pgfmath@box=\box61
\pgfmath@toks=\toks23
\pgfmath@stack@operand=\toks24
\pgfmath@stack@operation=\toks25
) (/home/nait/texlive/texmf-dist/tex/generic/pgf/math/pgfmathfunctions.code.tex) (/home/nait/texlive/texmf-dist/tex/generic/pgf/math/pgfmathfunctions.basic.code.tex) (/home/nait/texlive/texmf-dist/tex/generic/pgf/math/pgfmathfunctions.trigonometric.code.tex) (/home/nait/texlive/texmf-dist/tex/generic/pgf/math/pgfmathfunctions.random.code.tex) (/home/nait/texlive/texmf-dist/tex/generic/pgf/math/pgfmathfunctions.comparison.code.tex) (/home/nait/texlive/texmf-dist/tex/generic/pgf/math/pgfmathfunctions.base.code.tex) (/home/nait/texlive/texmf-dist/tex/generic/pgf/math/pgfmathfunctions.round.code.tex) (/home/nait/texlive/texmf-dist/tex/generic/pgf/math/pgfmathfunctions.misc.code.tex) (/home/nait/texlive/texmf-dist/tex/generic/pgf/math/pgfmathfunctions.integerarithmetics.code.tex) (/home/nait/texlive/texmf-dist/tex/generic/pgf/math/pgfmathcalc.code.tex) (/home/nait/texlive/texmf-dist/tex/generic/pgf/math/pgfmathfloat.code.tex
\c@pgfmathroundto@lastzeros=\count288
))) (/home/nait/texlive/texmf-dist/tex/latex/base/size11.clo
File: size11.clo 2023/05/17 v1.4n Standard LaTeX file (size option)
) (/home/nait/texlive/texmf-dist/tex/latex/pgf/basiclayer/pgfcore.sty (/home/nait/texlive/texmf-dist/tex/latex/graphics/graphicx.sty
Package: graphicx 2021/09/16 v1.2d Enhanced LaTeX Graphics (DPC,SPQR)
 (/home/nait/texlive/texmf-dist/tex/latex/graphics/graphics.sty
Package: graphics 2022/03/10 v1.4e Standard LaTeX Graphics (DPC,SPQR)
 (/home/nait/texlive/texmf-dist/tex/latex/graphics/trig.sty
Package: trig 2021/08/11 v1.11 sin cos tan (DPC)
) (/home/nait/texlive/texmf-dist/tex/latex/graphics-cfg/graphics.cfg
File: graphics.cfg 2016/06/04 v1.11 sample graphics configuration
)
Package graphics Info: Driver file: pdftex.def on input line 107.
 (/home/nait/texlive/texmf-dist/tex/latex/graphics-def/pdftex.def
File: pdftex.def 2022/09/22 v1.2b Graphics/color driver for pdftex
))
\Gin@req@height=\dimen175
\Gin@req@width=\dimen176
) (/home/nait/texlive/texmf-dist/tex/latex/pgf/systemlayer/pgfsys.sty (/home/nait/texlive/texmf-dist/tex/generic/pgf/systemlayer/pgfsys.code.tex
Package: pgfsys 2023-01-15 v3.1.10 (3.1.10)
\pgf@x=\dimen177
\pgf@y=\dimen178
\pgf@xa=\dimen179
\pgf@ya=\dimen180
\pgf@xb=\dimen181
\pgf@yb=\dimen182
\pgf@xc=\dimen183
\pgf@yc=\dimen184
\pgf@xd=\dimen185
\pgf@yd=\dimen186
\w@pgf@writea=\write3
\r@pgf@reada=\read2
\c@pgf@counta=\count289
\c@pgf@countb=\count290
\c@pgf@countc=\count291
\c@pgf@countd=\count292
\t@pgf@toka=\toks26
\t@pgf@tokb=\toks27
\t@pgf@tokc=\toks28
\pgf@sys@id@count=\count293
 (/home/nait/texlive/texmf-dist/tex/generic/pgf/systemlayer/pgf.cfg
File: pgf.cfg 2023-01-15 v3.1.10 (3.1.10)
)
Driver file for pgf: pgfsys-pdftex.def
 (/home/nait/texlive/texmf-dist/tex/generic/pgf/systemlayer/pgfsys-pdftex.def
File: pgfsys-pdftex.def 2023-01-15 v3.1.10 (3.1.10)
 (/home/nait/texlive/texmf-dist/tex/generic/pgf/systemlayer/pgfsys-common-pdf.def
File: pgfsys-common-pdf.def 2023-01-15 v3.1.10 (3.1.10)
))) (/home/nait/texlive/texmf-dist/tex/generic/pgf/systemlayer/pgfsyssoftpath.code.tex
File: pgfsyssoftpath.code.tex 2023-01-15 v3.1.10 (3.1.10)
\pgfsyssoftpath@smallbuffer@items=\count294
\pgfsyssoftpath@bigbuffer@items=\count295
) (/home/nait/texlive/texmf-dist/tex/generic/pgf/systemlayer/pgfsysprotocol.code.tex
File: pgfsysprotocol.code.tex 2023-01-15 v3.1.10 (3.1.10)
)) (/home/nait/texlive/texmf-dist/tex/latex/xcolor/xcolor.sty
Package: xcolor 2023/11/15 v3.01 LaTeX color extensions (UK)
 (/home/nait/texlive/texmf-dist/tex/latex/graphics-cfg/color.cfg
File: color.cfg 2016/01/02 v1.6 sample color configuration
)
Package xcolor Info: Driver file: pdftex.def on input line 274.
 (/home/nait/texlive/texmf-dist/tex/latex/graphics/mathcolor.ltx)
Package xcolor Info: Model `cmy' substituted by `cmy0' on input line 1350.
Package xcolor Info: Model `hsb' substituted by `rgb' on input line 1354.
Package xcolor Info: Model `RGB' extended on input line 1366.
Package xcolor Info: Model `HTML' substituted by `rgb' on input line 1368.
Package xcolor Info: Model `Hsb' substituted by `hsb' on input line 1369.
Package xcolor Info: Model `tHsb' substituted by `hsb' on input line 1370.
Package xcolor Info: Model `HSB' substituted by `hsb' on input line 1371.
Package xcolor Info: Model `Gray' substituted by `gray' on input line 1372.
Package xcolor Info: Model `wave' substituted by `hsb' on input line 1373.
) (/home/nait/texlive/texmf-dist/tex/generic/pgf/basiclayer/pgfcore.code.tex
Package: pgfcore 2023-01-15 v3.1.10 (3.1.10)
 (/home/nait/texlive/texmf-dist/tex/generic/pgf/math/pgfint.code.tex) (/home/nait/texlive/texmf-dist/tex/generic/pgf/basiclayer/pgfcorepoints.code.tex
File: pgfcorepoints.code.tex 2023-01-15 v3.1.10 (3.1.10)
\pgf@picminx=\dimen187
\pgf@picmaxx=\dimen188
\pgf@picminy=\dimen189
\pgf@picmaxy=\dimen190
\pgf@pathminx=\dimen191
\pgf@pathmaxx=\dimen192
\pgf@pathminy=\dimen193
\pgf@pathmaxy=\dimen194
\pgf@xx=\dimen195
\pgf@xy=\dimen196
\pgf@yx=\dimen197
\pgf@yy=\dimen198
\pgf@zx=\dimen199
\pgf@zy=\dimen256
) (/home/nait/texlive/texmf-dist/tex/generic/pgf/basiclayer/pgfcorepathconstruct.code.tex
File: pgfcorepathconstruct.code.tex 2023-01-15 v3.1.10 (3.1.10)
\pgf@path@lastx=\dimen257
\pgf@path@lasty=\dimen258
) (/home/nait/texlive/texmf-dist/tex/generic/pgf/basiclayer/pgfcorepathusage.code.tex
File: pgfcorepathusage.code.tex 2023-01-15 v3.1.10 (3.1.10)
\pgf@shorten@end@additional=\dimen259
\pgf@shorten@start@additional=\dimen260
) (/home/nait/texlive/texmf-dist/tex/generic/pgf/basiclayer/pgfcorescopes.code.tex
File: pgfcorescopes.code.tex 2023-01-15 v3.1.10 (3.1.10)
\pgfpic=\box62
\pgf@hbox=\box63
\pgf@layerbox@main=\box64
\pgf@picture@serial@count=\count296
) (/home/nait/texlive/texmf-dist/tex/generic/pgf/basiclayer/pgfcoregraphicstate.code.tex
File: pgfcoregraphicstate.code.tex 2023-01-15 v3.1.10 (3.1.10)
\pgflinewidth=\dimen261
) (/home/nait/texlive/texmf-dist/tex/generic/pgf/basiclayer/pgfcoretransformations.code.tex
File: pgfcoretransformations.code.tex 2023-01-15 v3.1.10 (3.1.10)
\pgf@pt@x=\dimen262
\pgf@pt@y=\dimen263
\pgf@pt@temp=\dimen264
) (/home/nait/texlive/texmf-dist/tex/generic/pgf/basiclayer/pgfcorequick.code.tex
File: pgfcorequick.code.tex 2023-01-15 v3.1.10 (3.1.10)
) (/home/nait/texlive/texmf-dist/tex/generic/pgf/basiclayer/pgfcoreobjects.code.tex
File: pgfcoreobjects.code.tex 2023-01-15 v3.1.10 (3.1.10)
) (/home/nait/texlive/texmf-dist/tex/generic/pgf/basiclayer/pgfcorepathprocessing.code.tex
File: pgfcorepathprocessing.code.tex 2023-01-15 v3.1.10 (3.1.10)
) (/home/nait/texlive/texmf-dist/tex/generic/pgf/basiclayer/pgfcorearrows.code.tex
File: pgfcorearrows.code.tex 2023-01-15 v3.1.10 (3.1.10)
\pgfarrowsep=\dimen265
) (/home/nait/texlive/texmf-dist/tex/generic/pgf/basiclayer/pgfcoreshade.code.tex
File: pgfcoreshade.code.tex 2023-01-15 v3.1.10 (3.1.10)
\pgf@max=\dimen266
\pgf@sys@shading@range@num=\count297
\pgf@shadingcount=\count298
) (/home/nait/texlive/texmf-dist/tex/generic/pgf/basiclayer/pgfcoreimage.code.tex
File: pgfcoreimage.code.tex 2023-01-15 v3.1.10 (3.1.10)
) (/home/nait/texlive/texmf-dist/tex/generic/pgf/basiclayer/pgfcoreexternal.code.tex
File: pgfcoreexternal.code.tex 2023-01-15 v3.1.10 (3.1.10)
\pgfexternal@startupbox=\box65
) (/home/nait/texlive/texmf-dist/tex/generic/pgf/basiclayer/pgfcorelayers.code.tex
File: pgfcorelayers.code.tex 2023-01-15 v3.1.10 (3.1.10)
) (/home/nait/texlive/texmf-dist/tex/generic/pgf/basiclayer/pgfcoretransparency.code.tex
File: pgfcoretransparency.code.tex 2023-01-15 v3.1.10 (3.1.10)
) (/home/nait/texlive/texmf-dist/tex/generic/pgf/basiclayer/pgfcorepatterns.code.tex
File: pgfcorepatterns.code.tex 2023-01-15 v3.1.10 (3.1.10)
) (/home/nait/texlive/texmf-dist/tex/generic/pgf/basiclayer/pgfcorerdf.code.tex
File: pgfcorerdf.code.tex 2023-01-15 v3.1.10 (3.1.10)
))) (/home/nait/texlive/texmf-dist/tex/latex/pgf/utilities/xxcolor.sty
Package: xxcolor 2003/10/24 ver 0.1
\XC@nummixins=\count299
\XC@countmixins=\count300
) (/home/nait/texlive/texmf-dist/tex/latex/base/atbegshi-ltx.sty
Package: atbegshi-ltx 2021/01/10 v1.0c Emulation of the original atbegshi
package with kernel methods
) (/home/nait/texlive/texmf-dist/tex/latex/hyperref/hyperref.sty
Package: hyperref 2024-01-20 v7.01h Hypertext links for LaTeX
 (/home/nait/texlive/texmf-dist/tex/latex/kvsetkeys/kvsetkeys.sty
Package: kvsetkeys 2022-10-05 v1.19 Key value parser (HO)
) (/home/nait/texlive/texmf-dist/tex/generic/kvdefinekeys/kvdefinekeys.sty
Package: kvdefinekeys 2019-12-19 v1.6 Define keys (HO)
) (/home/nait/texlive/texmf-dist/tex/generic/pdfescape/pdfescape.sty
Package: pdfescape 2019/12/09 v1.15 Implements pdfTeX's escape features (HO)
 (/home/nait/texlive/texmf-dist/tex/generic/ltxcmds/ltxcmds.sty
Package: ltxcmds 2023-12-04 v1.26 LaTeX kernel commands for general use (HO)
) (/home/nait/texlive/texmf-dist/tex/generic/pdftexcmds/pdftexcmds.sty
Package: pdftexcmds 2020-06-27 v0.33 Utility functions of pdfTeX for LuaTeX (HO)
 (/home/nait/texlive/texmf-dist/tex/generic/infwarerr/infwarerr.sty
Package: infwarerr 2019/12/03 v1.5 Providing info/warning/error messages (HO)
)
Package pdftexcmds Info: \pdf@primitive is available.
Package pdftexcmds Info: \pdf@ifprimitive is available.
Package pdftexcmds Info: \pdfdraftmode found.
)) (/home/nait/texlive/texmf-dist/tex/latex/hycolor/hycolor.sty
Package: hycolor 2020-01-27 v1.10 Color options for hyperref/bookmark (HO)
) (/home/nait/texlive/texmf-dist/tex/latex/auxhook/auxhook.sty
Package: auxhook 2019-12-17 v1.6 Hooks for auxiliary files (HO)
) (/home/nait/texlive/texmf-dist/tex/latex/hyperref/nameref.sty
Package: nameref 2023-11-26 v2.56 Cross-referencing by name of section
 (/home/nait/texlive/texmf-dist/tex/latex/refcount/refcount.sty
Package: refcount 2019/12/15 v3.6 Data extraction from label references (HO)
) (/home/nait/texlive/texmf-dist/tex/generic/gettitlestring/gettitlestring.sty
Package: gettitlestring 2019/12/15 v1.6 Cleanup title references (HO)
 (/home/nait/texlive/texmf-dist/tex/latex/kvoptions/kvoptions.sty
Package: kvoptions 2022-06-15 v3.15 Key value format for package options (HO)
))
\c@section@level=\count301
)
\@linkdim=\dimen267
\Hy@linkcounter=\count302
\Hy@pagecounter=\count303
 (/home/nait/texlive/texmf-dist/tex/latex/hyperref/pd1enc.def
File: pd1enc.def 2024-01-20 v7.01h Hyperref: PDFDocEncoding definition (HO)
Now handling font encoding PD1 ...
... no UTF-8 mapping file for font encoding PD1
) (/home/nait/texlive/texmf-dist/tex/generic/intcalc/intcalc.sty
Package: intcalc 2019/12/15 v1.3 Expandable calculations with integers (HO)
)
\Hy@SavedSpaceFactor=\count304
 (/home/nait/texlive/texmf-dist/tex/latex/hyperref/puenc.def
File: puenc.def 2024-01-20 v7.01h Hyperref: PDF Unicode definition (HO)
Now handling font encoding PU ...
... no UTF-8 mapping file for font encoding PU
)
Package hyperref Info: Option `bookmarks' set `true' on input line 4062.
Package hyperref Info: Option `bookmarksopen' set `true' on input line 4062.
Package hyperref Info: Option `implicit' set `false' on input line 4062.
Package hyperref Info: Hyper figures OFF on input line 4179.
Package hyperref Info: Link nesting OFF on input line 4184.
Package hyperref Info: Hyper index ON on input line 4187.
Package hyperref Info: Plain pages OFF on input line 4194.
Package hyperref Info: Backreferencing OFF on input line 4199.
Package hyperref Info: Implicit mode OFF; no redefinition of LaTeX internals.
Package hyperref Info: Bookmarks ON on input line 4446.
\c@Hy@tempcnt=\count305
 (/home/nait/texlive/texmf-dist/tex/latex/url/url.sty
\Urlmuskip=\muskip16
Package: url 2013/09/16  ver 3.4  Verb mode for urls, etc.
)
LaTeX Info: Redefining \url on input line 4784.
\XeTeXLinkMargin=\dimen268
 (/home/nait/texlive/texmf-dist/tex/generic/bitset/bitset.sty
Package: bitset 2019/12/09 v1.3 Handle bit-vector datatype (HO)
 (/home/nait/texlive/texmf-dist/tex/generic/bigintcalc/bigintcalc.sty
Package: bigintcalc 2019/12/15 v1.5 Expandable calculations on big integers (HO)
))
\Fld@menulength=\count306
\Field@Width=\dimen269
\Fld@charsize=\dimen270
Package hyperref Info: Hyper figures OFF on input line 6063.
Package hyperref Info: Link nesting OFF on input line 6068.
Package hyperref Info: Hyper index ON on input line 6071.
Package hyperref Info: backreferencing OFF on input line 6078.
Package hyperref Info: Link coloring OFF on input line 6083.
Package hyperref Info: Link coloring with OCG OFF on input line 6088.
Package hyperref Info: PDF/A mode OFF on input line 6093.
\Hy@abspage=\count307


Package hyperref Message: Stopped early.

)
Package hyperref Info: Driver (autodetected): hpdftex.
 (/home/nait/texlive/texmf-dist/tex/latex/hyperref/hpdftex.def
File: hpdftex.def 2024-01-20 v7.01h Hyperref driver for pdfTeX
 (/home/nait/texlive/texmf-dist/tex/latex/base/atveryend-ltx.sty
Package: atveryend-ltx 2020/08/19 v1.0a Emulation of the original atveryend package
with kernel methods
)
\Fld@listcount=\count308
\c@bookmark@seq@number=\count309
 (/home/nait/texlive/texmf-dist/tex/latex/rerunfilecheck/rerunfilecheck.sty
Package: rerunfilecheck 2022-07-10 v1.10 Rerun checks for auxiliary files (HO)
 (/home/nait/texlive/texmf-dist/tex/generic/uniquecounter/uniquecounter.sty
Package: uniquecounter 2019/12/15 v1.4 Provide unlimited unique counter (HO)
)
Package uniquecounter Info: New unique counter `rerunfilecheck' on input line 285.
)) (/home/nait/texlive/texmf-dist/tex/latex/beamer/beamerbaserequires.sty (/home/nait/texlive/texmf-dist/tex/latex/beamer/beamerbasecompatibility.sty) (/home/nait/texlive/texmf-dist/tex/latex/beamer/beamerbasefont.sty (/home/nait/texlive/texmf-dist/tex/latex/amsfonts/amssymb.sty
Package: amssymb 2013/01/14 v3.01 AMS font symbols
 (/home/nait/texlive/texmf-dist/tex/latex/amsfonts/amsfonts.sty
Package: amsfonts 2013/01/14 v3.01 Basic AMSFonts support
\@emptytoks=\toks29
\symAMSa=\mathgroup4
\symAMSb=\mathgroup5
LaTeX Font Info:    Redeclaring math symbol \hbar on input line 98.
LaTeX Font Info:    Overwriting math alphabet `\mathfrak' in version `bold'
(Font)                  U/euf/m/n --> U/euf/b/n on input line 106.
)) (/home/nait/texlive/texmf-dist/tex/latex/sansmathaccent/sansmathaccent.sty
Package: sansmathaccent 2020/01/31
 (/home/nait/texlive/texmf-dist/tex/latex/koma-script/scrlfile.sty
Package: scrlfile 2023/07/07 v3.41 KOMA-Script package (file load hooks)
 (/home/nait/texlive/texmf-dist/tex/latex/koma-script/scrlfile-hook.sty
Package: scrlfile-hook 2023/07/07 v3.41 KOMA-Script package (using LaTeX hooks)
 (/home/nait/texlive/texmf-dist/tex/latex/koma-script/scrlogo.sty
Package: scrlogo 2023/07/07 v3.41 KOMA-Script package (logo)
))))) (/home/nait/texlive/texmf-dist/tex/latex/beamer/beamerbasetranslator.sty (/home/nait/texlive/texmf-dist/tex/latex/translator/translator.sty
Package: translator 2021-05-31 v1.12d Easy translation of strings in LaTeX
)) (/home/nait/texlive/texmf-dist/tex/latex/beamer/beamerbasemisc.sty) (/home/nait/texlive/texmf-dist/tex/latex/beamer/beamerbasetwoscreens.sty) (/home/nait/texlive/texmf-dist/tex/latex/beamer/beamerbaseoverlay.sty
\beamer@argscount=\count310
\beamer@lastskipcover=\skip51
\beamer@trivlistdepth=\count311
) (/home/nait/texlive/texmf-dist/tex/latex/beamer/beamerbasetitle.sty) (/home/nait/texlive/texmf-dist/tex/latex/beamer/beamerbasesection.sty
\c@lecture=\count312
\c@part=\count313
\c@section=\count314
\c@subsection=\count315
\c@subsubsection=\count316
) (/home/nait/texlive/texmf-dist/tex/latex/beamer/beamerbaseframe.sty
\beamer@framebox=\box66
\beamer@frametitlebox=\box67
\beamer@zoombox=\box68
\beamer@zoomcount=\count317
\beamer@zoomframecount=\count318
\beamer@frametextheight=\dimen271
\c@subsectionslide=\count319
\beamer@frametopskip=\skip52
\beamer@framebottomskip=\skip53
\beamer@frametopskipautobreak=\skip54
\beamer@framebottomskipautobreak=\skip55
\beamer@envbody=\toks30
\framewidth=\dimen272
\c@framenumber=\count320
) (/home/nait/texlive/texmf-dist/tex/latex/beamer/beamerbaseverbatim.sty
\beamer@verbatimfileout=\write4
) (/home/nait/texlive/texmf-dist/tex/latex/beamer/beamerbaseframesize.sty
\beamer@splitbox=\box69
\beamer@autobreakcount=\count321
\beamer@autobreaklastheight=\dimen273
\beamer@frametitletoks=\toks31
\beamer@framesubtitletoks=\toks32
) (/home/nait/texlive/texmf-dist/tex/latex/beamer/beamerbaseframecomponents.sty
\beamer@footins=\box70
) (/home/nait/texlive/texmf-dist/tex/latex/beamer/beamerbasecolor.sty) (/home/nait/texlive/texmf-dist/tex/latex/beamer/beamerbasenotes.sty
\beamer@frameboxcopy=\box71
) (/home/nait/texlive/texmf-dist/tex/latex/beamer/beamerbasetoc.sty) (/home/nait/texlive/texmf-dist/tex/latex/beamer/beamerbasetemplates.sty
\beamer@sbttoks=\toks33
 (/home/nait/texlive/texmf-dist/tex/latex/beamer/beamerbaseauxtemplates.sty (/home/nait/texlive/texmf-dist/tex/latex/beamer/beamerbaseboxes.sty
\bmb@box=\box72
\bmb@colorbox=\box73
\bmb@boxwidth=\dimen274
\bmb@boxheight=\dimen275
\bmb@prevheight=\dimen276
\bmb@temp=\dimen277
\bmb@dima=\dimen278
\bmb@dimb=\dimen279
\bmb@prevheight=\dimen280
)
\beamer@blockheadheight=\dimen281
)) (/home/nait/texlive/texmf-dist/tex/latex/beamer/beamerbaselocalstructure.sty (/home/nait/texlive/texmf-dist/tex/latex/tools/enumerate.sty
Package: enumerate 2023/07/04 v3.00 enumerate extensions (DPC)
\@enLab=\toks34
)
\beamer@bibiconwidth=\skip56
\c@figure=\count322
\c@table=\count323
\abovecaptionskip=\skip57
\belowcaptionskip=\skip58
) (/home/nait/texlive/texmf-dist/tex/latex/beamer/beamerbasenavigation.sty (/home/nait/texlive/texmf-dist/tex/latex/beamer/beamerbasenavigationsymbols.tex)
\beamer@section@min@dim=\dimen282
) (/home/nait/texlive/texmf-dist/tex/latex/beamer/beamerbasetheorems.sty (/home/nait/texlive/texmf-dist/tex/latex/amsmath/amsmath.sty
Package: amsmath 2023/05/13 v2.17o AMS math features
\@mathmargin=\skip59

For additional information on amsmath, use the `?' option.
(/home/nait/texlive/texmf-dist/tex/latex/amsmath/amstext.sty
Package: amstext 2021/08/26 v2.01 AMS text
 (/home/nait/texlive/texmf-dist/tex/latex/amsmath/amsgen.sty
File: amsgen.sty 1999/11/30 v2.0 generic functions
\@emptytoks=\toks35
\ex@=\dimen283
)) (/home/nait/texlive/texmf-dist/tex/latex/amsmath/amsbsy.sty
Package: amsbsy 1999/11/29 v1.2d Bold Symbols
\pmbraise@=\dimen284
) (/home/nait/texlive/texmf-dist/tex/latex/amsmath/amsopn.sty
Package: amsopn 2022/04/08 v2.04 operator names
)
\inf@bad=\count324
LaTeX Info: Redefining \frac on input line 234.
\uproot@=\count325
\leftroot@=\count326
LaTeX Info: Redefining \overline on input line 399.
LaTeX Info: Redefining \colon on input line 410.
\classnum@=\count327
\DOTSCASE@=\count328
LaTeX Info: Redefining \ldots on input line 496.
LaTeX Info: Redefining \dots on input line 499.
LaTeX Info: Redefining \cdots on input line 620.
\Mathstrutbox@=\box74
\strutbox@=\box75
LaTeX Info: Redefining \big on input line 722.
LaTeX Info: Redefining \Big on input line 723.
LaTeX Info: Redefining \bigg on input line 724.
LaTeX Info: Redefining \Bigg on input line 725.
\big@size=\dimen285
LaTeX Font Info:    Redeclaring font encoding OML on input line 743.
LaTeX Font Info:    Redeclaring font encoding OMS on input line 744.
\macc@depth=\count329
LaTeX Info: Redefining \bmod on input line 905.
LaTeX Info: Redefining \pmod on input line 910.
LaTeX Info: Redefining \smash on input line 940.
LaTeX Info: Redefining \relbar on input line 970.
LaTeX Info: Redefining \Relbar on input line 971.
\c@MaxMatrixCols=\count330
\dotsspace@=\muskip17
\c@parentequation=\count331
\dspbrk@lvl=\count332
\tag@help=\toks36
\row@=\count333
\column@=\count334
\maxfields@=\count335
\andhelp@=\toks37
\eqnshift@=\dimen286
\alignsep@=\dimen287
\tagshift@=\dimen288
\tagwidth@=\dimen289
\totwidth@=\dimen290
\lineht@=\dimen291
\@envbody=\toks38
\multlinegap=\skip60
\multlinetaggap=\skip61
\mathdisplay@stack=\toks39
LaTeX Info: Redefining \[ on input line 2953.
LaTeX Info: Redefining \] on input line 2954.
) (/home/nait/texlive/texmf-dist/tex/latex/amscls/amsthm.sty
Package: amsthm 2020/05/29 v2.20.6
\thm@style=\toks40
\thm@bodyfont=\toks41
\thm@headfont=\toks42
\thm@notefont=\toks43
\thm@headpunct=\toks44
\thm@preskip=\skip62
\thm@postskip=\skip63
\thm@headsep=\skip64
\dth@everypar=\toks45
)
\c@theorem=\count336
) (/home/nait/texlive/texmf-dist/tex/latex/beamer/beamerbasethemes.sty)) (/home/nait/texlive/texmf-dist/tex/latex/beamer/beamerthemedefault.sty (/home/nait/texlive/texmf-dist/tex/latex/beamer/beamerfontthemedefault.sty) (/home/nait/texlive/texmf-dist/tex/latex/beamer/beamercolorthemedefault.sty) (/home/nait/texlive/texmf-dist/tex/latex/beamer/beamerinnerthemedefault.sty
\beamer@dima=\dimen292
\beamer@dimb=\dimen293
) (/home/nait/texlive/texmf-dist/tex/latex/beamer/beamerouterthemedefault.sty))) (/home/nait/texlive/texmf-dist/tex/latex/beamer/beamerthemeMadrid.sty (/home/nait/texlive/texmf-dist/tex/latex/beamer/beamercolorthemewhale.sty) (/home/nait/texlive/texmf-dist/tex/latex/beamer/beamercolorthemeorchid.sty) (/home/nait/texlive/texmf-dist/tex/latex/beamer/beamerinnerthemerounded.sty) (/home/nait/texlive/texmf-dist/tex/latex/beamer/beamerouterthemeinfolines.sty)) (/home/nait/texlive/texmf-dist/tex/latex/beamer/beamerfontthemeserif.sty) (/home/nait/texlive/texmf-dist/tex/latex/base/inputenc.sty
Package: inputenc 2021/02/14 v1.3d Input encoding file
\inpenc@prehook=\toks46
\inpenc@posthook=\toks47
) (/home/nait/texlive/texmf-dist/tex/generic/babel/babel.sty
Package: babel 2024/02/07 v24.2 The Babel package
\babel@savecnt=\count337
\U@D=\dimen294
\l@unhyphenated=\language89
 (/home/nait/texlive/texmf-dist/tex/generic/babel/txtbabel.def)
\bbl@readstream=\read3
LaTeX Info: Redefining \textlatin on input line 3919.
\bbl@dirlevel=\count338
 (/home/nait/texlive/texmf-dist/tex/generic/babel-portuges/brazil.ldf
Language: portuges 2021/07/09 v1.2t Portuguese support from the babel system
Package babel Info: Hyphen rules for 'brazil' set to \l@portuguese
(babel)             (\language72). Reported on input line 111.
Package babel Info: Making " an active character on input line 143.
)) (/home/nait/texlive/texmf-dist/tex/latex/base/fontenc.sty
Package: fontenc 2021/04/29 v2.0v Standard LaTeX package
) (/home/nait/texlive/texmf-dist/tex/latex/caption/subcaption.sty
Package: subcaption 2023/07/28 v1.6b Sub-captions (AR)
 (/home/nait/texlive/texmf-dist/tex/latex/caption/caption.sty
Package: caption 2023/08/05 v3.6o Customizing captions (AR)
 (/home/nait/texlive/texmf-dist/tex/latex/caption/caption3.sty
Package: caption3 2023/07/31 v2.4d caption3 kernel (AR)
\caption@tempdima=\dimen295
\captionmargin=\dimen296
\caption@leftmargin=\dimen297
\caption@rightmargin=\dimen298
\caption@width=\dimen299
\caption@indent=\dimen300
\caption@parindent=\dimen301
\caption@hangindent=\dimen302
Package caption Info: beamer document class detected.
 (/home/nait/texlive/texmf-dist/tex/latex/caption/caption-beamer.sto
File: caption-beamer.sto 2022/01/06 v2.0c Adaption of the caption package to the beamer document classes (AR)
))
\c@caption@flags=\count339
\c@continuedfloat=\count340
Package caption Info: hyperref package is loaded.
Package caption Info: Hyperref support is turned off
(caption)             because hyperref has stopped early.
)
Package caption Info: New subtype `subfigure' on input line 238.
\c@subfigure=\count341
Package caption Info: New subtype `subtable' on input line 238.
\c@subtable=\count342
) (/home/nait/texlive/texmf-dist/tex/latex/l3backend/l3backend-pdftex.def
File: l3backend-pdftex.def 2024-02-20 L3 backend support: PDF output (pdfTeX)
\l__color_backend_stack_int=\count343
\l__pdf_internal_box=\box76
) (./Apresentacao.aux)
\openout1 = `Apresentacao.aux'.

LaTeX Font Info:    Checking defaults for OML/cmm/m/it on input line 30.
LaTeX Font Info:    ... okay on input line 30.
LaTeX Font Info:    Checking defaults for OMS/cmsy/m/n on input line 30.
LaTeX Font Info:    ... okay on input line 30.
LaTeX Font Info:    Checking defaults for OT1/cmr/m/n on input line 30.
LaTeX Font Info:    ... okay on input line 30.
LaTeX Font Info:    Checking defaults for T1/cmr/m/n on input line 30.
LaTeX Font Info:    ... okay on input line 30.
LaTeX Font Info:    Checking defaults for TS1/cmr/m/n on input line 30.
LaTeX Font Info:    ... okay on input line 30.
LaTeX Font Info:    Checking defaults for OMX/cmex/m/n on input line 30.
LaTeX Font Info:    ... okay on input line 30.
LaTeX Font Info:    Checking defaults for U/cmr/m/n on input line 30.
LaTeX Font Info:    ... okay on input line 30.
LaTeX Font Info:    Checking defaults for PD1/pdf/m/n on input line 30.
LaTeX Font Info:    ... okay on input line 30.
LaTeX Font Info:    Checking defaults for PU/pdf/m/n on input line 30.
LaTeX Font Info:    ... okay on input line 30.

*geometry* driver: auto-detecting
*geometry* detected driver: pdftex
*geometry* verbose mode - [ preamble ] result:
* driver: pdftex
* paper: custom
* layout: <same size as paper>
* layoutoffset:(h,v)=(0.0pt,0.0pt)
* modes: includehead includefoot 
* h-part:(L,W,R)=(10.95003pt, 342.2953pt, 10.95003pt)
* v-part:(T,H,B)=(0.0pt, 273.14662pt, 0.0pt)
* \paperwidth=364.19536pt
* \paperheight=273.14662pt
* \textwidth=342.2953pt
* \textheight=244.6939pt
* \oddsidemargin=-61.31996pt
* \evensidemargin=-61.31996pt
* \topmargin=-72.26999pt
* \headheight=14.22636pt
* \headsep=0.0pt
* \topskip=11.0pt
* \footskip=14.22636pt
* \marginparwidth=4.0pt
* \marginparsep=10.0pt
* \columnsep=10.0pt
* \skip\footins=10.0pt plus 4.0pt minus 2.0pt
* \hoffset=0.0pt
* \voffset=0.0pt
* \mag=1000
* \@twocolumnfalse
* \@twosidefalse
* \@mparswitchfalse
* \@reversemarginfalse
* (1in=72.27pt=25.4mm, 1cm=28.453pt)

(/home/nait/texlive/texmf-dist/tex/context/base/mkii/supp-pdf.mkii
[Loading MPS to PDF converter (version 2006.09.02).]
\scratchcounter=\count344
\scratchdimen=\dimen303
\scratchbox=\box77
\nofMPsegments=\count345
\nofMParguments=\count346
\everyMPshowfont=\toks48
\MPscratchCnt=\count347
\MPscratchDim=\dimen304
\MPnumerator=\count348
\makeMPintoPDFobject=\count349
\everyMPtoPDFconversion=\toks49
) (/home/nait/texlive/texmf-dist/tex/latex/epstopdf-pkg/epstopdf-base.sty
Package: epstopdf-base 2020-01-24 v2.11 Base part for package epstopdf
Package epstopdf-base Info: Redefining graphics rule for `.eps' on input line 485.
 (/home/nait/texlive/texmf-dist/tex/latex/latexconfig/epstopdf-sys.cfg
File: epstopdf-sys.cfg 2010/07/13 v1.3 Configuration of (r)epstopdf for TeX Live
))
Package hyperref Info: Link coloring OFF on input line 30.
 (./Apresentacao.out) (./Apresentacao.out)
\@outlinefile=\write5
\openout5 = `Apresentacao.out'.

 (/home/nait/texlive/texmf-dist/tex/latex/translator/translator-basic-dictionary-English.dict
Dictionary: translator-basic-dictionary, Language: English 
) (/home/nait/texlive/texmf-dist/tex/latex/translator/translator-bibliography-dictionary-English.dict
Dictionary: translator-bibliography-dictionary, Language: English 
) (/home/nait/texlive/texmf-dist/tex/latex/translator/translator-environment-dictionary-English.dict
Dictionary: translator-environment-dictionary, Language: English 
) (/home/nait/texlive/texmf-dist/tex/latex/translator/translator-months-dictionary-English.dict
Dictionary: translator-months-dictionary, Language: English 
) (/home/nait/texlive/texmf-dist/tex/latex/translator/translator-numbers-dictionary-English.dict
Dictionary: translator-numbers-dictionary, Language: English 
) (/home/nait/texlive/texmf-dist/tex/latex/translator/translator-theorem-dictionary-English.dict
Dictionary: translator-theorem-dictionary, Language: English 
)
Package caption Info: Begin \AtBeginDocument code.
Package caption Info: End \AtBeginDocument code.
 (./Apresentacao.nav)
<icmc.png, id=59, 228.855pt x 103.1052pt>
File: icmc.png Graphic file (type png)
<use icmc.png>
Package pdftex.def Info: icmc.png  used on input line 34.
(pdftex.def)             Requested size: 18.30876pt x 8.24858pt.
 [1

{/home/nait/texlive/texmf-var/fonts/map/pdftex/updmap/pdftex.map}{/home/nait/texlive/texmf-dist/fonts/enc/dvips/cm-super/cm-super-t1.enc} <./icmc.png>] (./Apresentacao.toc)
File: icmc.png Graphic file (type png)
<use icmc.png>
Package pdftex.def Info: icmc.png  used on input line 38.
(pdftex.def)             Requested size: 18.30876pt x 8.24858pt.
 [2

]
LaTeX Font Info:    Trying to load font information for U+msa on input line 49.
 (/home/nait/texlive/texmf-dist/tex/latex/amsfonts/umsa.fd
File: umsa.fd 2013/01/14 v3.01 AMS symbols A
)
LaTeX Font Info:    Trying to load font information for U+msb on input line 49.
 (/home/nait/texlive/texmf-dist/tex/latex/amsfonts/umsb.fd
File: umsb.fd 2013/01/14 v3.01 AMS symbols B
)
File: icmc.png Graphic file (type png)
<use icmc.png>
Package pdftex.def Info: icmc.png  used on input line 49.
(pdftex.def)             Requested size: 18.30876pt x 8.24858pt.
 [3

]
File: icmc.png Graphic file (type png)
<use icmc.png>
Package pdftex.def Info: icmc.png  used on input line 83.
(pdftex.def)             Requested size: 18.30876pt x 8.24858pt.
 [4

]
File: icmc.png Graphic file (type png)
<use icmc.png>
Package pdftex.def Info: icmc.png  used on input line 108.
(pdftex.def)             Requested size: 18.30876pt x 8.24858pt.
 [5

]
File: icmc.png Graphic file (type png)
<use icmc.png>
Package pdftex.def Info: icmc.png  used on input line 119.
(pdftex.def)             Requested size: 18.30876pt x 8.24858pt.
 [6

]
<../figs/fig5.pdf, id=139, 722.7pt x 433.62pt>
File: ../figs/fig5.pdf Graphic file (type pdf)
<use ../figs/fig5.pdf>
Package pdftex.def Info: ../figs/fig5.pdf  used on input line 130.
(pdftex.def)             Requested size: 308.06367pt x 184.83853pt.
File: icmc.png Graphic file (type png)
<use icmc.png>
Package pdftex.def Info: icmc.png  used on input line 130.
(pdftex.def)             Requested size: 18.30876pt x 8.24858pt.
 [7

 <../figs/fig5.pdf>]
<../figs/fig11.pdf, id=195, 722.7pt x 433.62pt>
File: ../figs/fig11.pdf Graphic file (type pdf)
<use ../figs/fig11.pdf>
Package pdftex.def Info: ../figs/fig11.pdf  used on input line 139.
(pdftex.def)             Requested size: 308.06367pt x 184.83853pt.
File: icmc.png Graphic file (type png)
<use icmc.png>
Package pdftex.def Info: icmc.png  used on input line 139.
(pdftex.def)             Requested size: 18.30876pt x 8.24858pt.
 [8

 <../figs/fig11.pdf>]
<../figs/fig8.pdf, id=252, 722.7pt x 433.62pt>
File: ../figs/fig8.pdf Graphic file (type pdf)
<use ../figs/fig8.pdf>
Package pdftex.def Info: ../figs/fig8.pdf  used on input line 150.
(pdftex.def)             Requested size: 308.06367pt x 184.83853pt.
File: icmc.png Graphic file (type png)
<use icmc.png>
Package pdftex.def Info: icmc.png  used on input line 150.
(pdftex.def)             Requested size: 18.30876pt x 8.24858pt.
 [9

 <../figs/fig8.pdf>]
<../figs/fig14.pdf, id=304, 722.7pt x 433.62pt>
File: ../figs/fig14.pdf Graphic file (type pdf)
<use ../figs/fig14.pdf>
Package pdftex.def Info: ../figs/fig14.pdf  used on input line 159.
(pdftex.def)             Requested size: 308.06367pt x 184.83853pt.
File: icmc.png Graphic file (type png)
<use icmc.png>
Package pdftex.def Info: icmc.png  used on input line 159.
(pdftex.def)             Requested size: 18.30876pt x 8.24858pt.
 [10

 <../figs/fig14.pdf>]
File: icmc.png Graphic file (type png)
<use icmc.png>
Package pdftex.def Info: icmc.png  used on input line 175.
(pdftex.def)             Requested size: 18.30876pt x 8.24858pt.
 [11

]
File: icmc.png Graphic file (type png)
<use icmc.png>
Package pdftex.def Info: icmc.png  used on input line 188.
(pdftex.def)             Requested size: 18.30876pt x 8.24858pt.
 [12

]
File: icmc.png Graphic file (type png)
<use icmc.png>
Package pdftex.def Info: icmc.png  used on input line 202.
(pdftex.def)             Requested size: 18.30876pt x 8.24858pt.
 [13

]
<../figs/fig6.pdf, id=381, 722.7pt x 433.62pt>
File: ../figs/fig6.pdf Graphic file (type pdf)
<use ../figs/fig6.pdf>
Package pdftex.def Info: ../figs/fig6.pdf  used on input line 213.
(pdftex.def)             Requested size: 308.06367pt x 184.83853pt.
File: icmc.png Graphic file (type png)
<use icmc.png>
Package pdftex.def Info: icmc.png  used on input line 213.
(pdftex.def)             Requested size: 18.30876pt x 8.24858pt.
 [14

 <../figs/fig6.pdf>]
<../figs/fig12.pdf, id=435, 722.7pt x 433.62pt>
File: ../figs/fig12.pdf Graphic file (type pdf)
<use ../figs/fig12.pdf>
Package pdftex.def Info: ../figs/fig12.pdf  used on input line 222.
(pdftex.def)             Requested size: 308.06367pt x 184.83853pt.
File: icmc.png Graphic file (type png)
<use icmc.png>
Package pdftex.def Info: icmc.png  used on input line 222.
(pdftex.def)             Requested size: 18.30876pt x 8.24858pt.
 [15

 <../figs/fig12.pdf>]
File: icmc.png Graphic file (type png)
<use icmc.png>
Package pdftex.def Info: icmc.png  used on input line 242.
(pdftex.def)             Requested size: 18.30876pt x 8.24858pt.
 [16

]
<../figs/fig9.pdf, id=497, 722.7pt x 433.62pt>
File: ../figs/fig9.pdf Graphic file (type pdf)
<use ../figs/fig9.pdf>
Package pdftex.def Info: ../figs/fig9.pdf  used on input line 253.
(pdftex.def)             Requested size: 308.06367pt x 184.83853pt.
File: icmc.png Graphic file (type png)
<use icmc.png>
Package pdftex.def Info: icmc.png  used on input line 253.
(pdftex.def)             Requested size: 18.30876pt x 8.24858pt.
 [17

 <../figs/fig9.pdf>]
<../figs/fig15.pdf, id=550, 722.7pt x 433.62pt>
File: ../figs/fig15.pdf Graphic file (type pdf)
<use ../figs/fig15.pdf>
Package pdftex.def Info: ../figs/fig15.pdf  used on input line 262.
(pdftex.def)             Requested size: 308.06367pt x 184.83853pt.
File: icmc.png Graphic file (type png)
<use icmc.png>
Package pdftex.def Info: icmc.png  used on input line 262.
(pdftex.def)             Requested size: 18.30876pt x 8.24858pt.
 [18

 <../figs/fig15.pdf>]
<../figs/fig1.pdf, id=603, 462.52798pt x 346.89601pt>
File: ../figs/fig1.pdf Graphic file (type pdf)
<use ../figs/fig1.pdf>
Package pdftex.def Info: ../figs/fig1.pdf  used on input line 272.
(pdftex.def)             Requested size: 273.83728pt x 205.38673pt.
File: icmc.png Graphic file (type png)
<use icmc.png>
Package pdftex.def Info: icmc.png  used on input line 272.
(pdftex.def)             Requested size: 18.30876pt x 8.24858pt.
 [19

 <../figs/fig1.pdf>]
<../figs/fig2.pdf, id=643, 1662.21pt x 1011.78pt>
File: ../figs/fig2.pdf Graphic file (type pdf)
<use ../figs/fig2.pdf>
Package pdftex.def Info: ../figs/fig2.pdf  used on input line 280.
(pdftex.def)             Requested size: 308.06367pt x 187.516pt.
File: icmc.png Graphic file (type png)
<use icmc.png>
Package pdftex.def Info: icmc.png  used on input line 280.
(pdftex.def)             Requested size: 18.30876pt x 8.24858pt.
 [20

 <../figs/fig2.pdf>]
<../figs/fig3.pdf, id=688, 462.52798pt x 346.89601pt>
File: ../figs/fig3.pdf Graphic file (type pdf)
<use ../figs/fig3.pdf>
Package pdftex.def Info: ../figs/fig3.pdf  used on input line 288.
(pdftex.def)             Requested size: 273.83728pt x 205.38673pt.
File: icmc.png Graphic file (type png)
<use icmc.png>
Package pdftex.def Info: icmc.png  used on input line 288.
(pdftex.def)             Requested size: 18.30876pt x 8.24858pt.
 [21

 <../figs/fig3.pdf>]
<../figs/fig4.pdf, id=728, 722.7pt x 433.62pt>
File: ../figs/fig4.pdf Graphic file (type pdf)
<use ../figs/fig4.pdf>
Package pdftex.def Info: ../figs/fig4.pdf  used on input line 305.
(pdftex.def)             Requested size: 216.77858pt x 130.06981pt.

Overfull \hbox (79.86255pt too wide) in paragraph at lines 305--305
 [][] 
 []

<../figs/fig7.pdf, id=729, 462.52798pt x 346.89601pt>
File: ../figs/fig7.pdf Graphic file (type pdf)
<use ../figs/fig7.pdf>
Package pdftex.def Info: ../figs/fig7.pdf  used on input line 305.
(pdftex.def)             Requested size: 173.42639pt x 130.06981pt.

Overfull \hbox (36.51036pt too wide) in paragraph at lines 305--305
 [][] 
 []

File: icmc.png Graphic file (type png)
<use icmc.png>
Package pdftex.def Info: icmc.png  used on input line 305.
(pdftex.def)             Requested size: 18.30876pt x 8.24858pt.
[22

 <../figs/fig4.pdf> <../figs/fig7.pdf>]
<../figs/fig10.pdf, id=814, 722.7pt x 433.62pt>
File: ../figs/fig10.pdf Graphic file (type pdf)
<use ../figs/fig10.pdf>
Package pdftex.def Info: ../figs/fig10.pdf  used on input line 322.
(pdftex.def)             Requested size: 216.77858pt x 130.06981pt.

Overfull \hbox (79.86255pt too wide) in paragraph at lines 322--322
 [][] 
 []

<../figs/fig13.pdf, id=815, 462.52798pt x 346.89601pt>
File: ../figs/fig13.pdf Graphic file (type pdf)
<use ../figs/fig13.pdf>
Package pdftex.def Info: ../figs/fig13.pdf  used on input line 322.
(pdftex.def)             Requested size: 173.42639pt x 130.06981pt.

Overfull \hbox (36.51036pt too wide) in paragraph at lines 322--322
 [][] 
 []

File: icmc.png Graphic file (type png)
<use icmc.png>
Package pdftex.def Info: icmc.png  used on input line 322.
(pdftex.def)             Requested size: 18.30876pt x 8.24858pt.
[23

 <../figs/fig10.pdf> <../figs/fig13.pdf>]
File: icmc.png Graphic file (type png)
<use icmc.png>
Package pdftex.def Info: icmc.png  used on input line 328.
(pdftex.def)             Requested size: 18.30876pt x 8.24858pt.
 [24

]
\tf@nav=\write6
\openout6 = `Apresentacao.nav'.

\tf@toc=\write7
\openout7 = `Apresentacao.toc'.

\tf@snm=\write8
\openout8 = `Apresentacao.snm'.

 (./Apresentacao.aux)
 ***********
LaTeX2e <2023-11-01> patch level 1
L3 programming layer <2024-02-20>
 ***********
Package rerunfilecheck Info: File `Apresentacao.out' has not changed.
(rerunfilecheck)             Checksum: 78D800869247FBA63A8B8882545541CD;850.
 ) 
Here is how much of TeX's memory you used:
 24597 strings out of 474137
 473886 string characters out of 5747003
 1946187 words of memory out of 5000000
 46370 multiletter control sequences out of 15000+600000
 570576 words of font info for 71 fonts, out of 8000000 for 9000
 1141 hyphenation exceptions out of 8191
 128i,15n,123p,449b,713s stack positions out of 10000i,1000n,20000p,200000b,200000s
</home/nait/texlive/texmf-dist/fonts/type1/public/amsfonts/cm/cmex10.pfb></home/nait/texlive/texmf-dist/fonts/type1/public/amsfonts/cmextra/cmex8.pfb></home/nait/texlive/texmf-dist/fonts/type1/public/amsfonts/cm/cmmi10.pfb></home/nait/texlive/texmf-dist/fonts/type1/public/amsfonts/cm/cmmi6.pfb></home/nait/texlive/texmf-dist/fonts/type1/public/amsfonts/cm/cmmi8.pfb></home/nait/texlive/texmf-dist/fonts/type1/public/amsfonts/cm/cmmi9.pfb></home/nait/texlive/texmf-dist/fonts/type1/public/amsfonts/cm/cmr10.pfb></home/nait/texlive/texmf-dist/fonts/type1/public/amsfonts/cm/cmr6.pfb></home/nait/texlive/texmf-dist/fonts/type1/public/amsfonts/cm/cmr8.pfb></home/nait/texlive/texmf-dist/fonts/type1/public/amsfonts/cm/cmr9.pfb></home/nait/texlive/texmf-dist/fonts/type1/public/amsfonts/cm/cmsy10.pfb></home/nait/texlive/texmf-dist/fonts/type1/public/amsfonts/cm/cmsy6.pfb></home/nait/texlive/texmf-dist/fonts/type1/public/amsfonts/cm/cmsy8.pfb></home/nait/texlive/texmf-dist/fonts/type1/public/amsfonts/cm/cmsy9.pfb></home/nait/texlive/texmf-dist/fonts/type1/public/cm-super/sfrm0600.pfb></home/nait/texlive/texmf-dist/fonts/type1/public/cm-super/sfrm0800.pfb></home/nait/texlive/texmf-dist/fonts/type1/public/cm-super/sfrm0900.pfb></home/nait/texlive/texmf-dist/fonts/type1/public/cm-super/sfrm1095.pfb></home/nait/texlive/texmf-dist/fonts/type1/public/cm-super/sfrm1440.pfb>
Output written on Apresentacao.pdf (24 pages, 3331545 bytes).
PDF statistics:
 1005 PDF objects out of 1200 (max. 8388607)
 355 compressed objects within 4 object streams
 76 named destinations out of 1000 (max. 500000)
 235 words of extra memory for PDF output out of 10000 (max. 10000000)

